TN:
SF:src/components/common/confirmation-modal.js
FN:6,get properties
FN:16,ConfirmationModal
FN:25,disconnectedCallback
FN:30,_onLanguageChanged
FN:35,get styles
FN:155,render
FNF:6
FNH:6
FNDA:5,get properties
FNDA:35,ConfirmationModal
FNDA:35,disconnectedCallback
FNDA:9,_onLanguageChanged
FNDA:5,get styles
FNDA:69,render
DA:1,5
DA:2,5
DA:3,5
DA:4,5
DA:5,5
DA:6,5
DA:7,5
DA:8,5
DA:9,5
DA:10,5
DA:11,5
DA:12,5
DA:13,5
DA:14,5
DA:15,5
DA:16,5
DA:17,35
DA:18,35
DA:19,35
DA:20,35
DA:21,35
DA:22,35
DA:23,35
DA:24,5
DA:25,5
DA:26,35
DA:27,35
DA:28,35
DA:29,5
DA:30,5
DA:31,9
DA:32,9
DA:33,9
DA:34,5
DA:35,5
DA:36,5
DA:37,5
DA:38,5
DA:39,5
DA:40,5
DA:41,5
DA:42,5
DA:43,5
DA:44,5
DA:45,5
DA:46,5
DA:47,5
DA:48,5
DA:49,5
DA:50,5
DA:51,5
DA:52,5
DA:53,5
DA:54,5
DA:55,5
DA:56,5
DA:57,5
DA:58,5
DA:59,5
DA:60,5
DA:61,5
DA:62,5
DA:63,5
DA:64,5
DA:65,5
DA:66,5
DA:67,5
DA:68,5
DA:69,5
DA:70,5
DA:71,5
DA:72,5
DA:73,5
DA:74,5
DA:75,5
DA:76,5
DA:77,5
DA:78,5
DA:79,5
DA:80,5
DA:81,5
DA:82,5
DA:83,5
DA:84,5
DA:85,5
DA:86,5
DA:87,5
DA:88,5
DA:89,5
DA:90,5
DA:91,5
DA:92,5
DA:93,5
DA:94,5
DA:95,5
DA:96,5
DA:97,5
DA:98,5
DA:99,5
DA:100,5
DA:101,5
DA:102,5
DA:103,5
DA:104,5
DA:105,5
DA:106,5
DA:107,5
DA:108,5
DA:109,5
DA:110,5
DA:111,5
DA:112,5
DA:113,5
DA:114,5
DA:115,5
DA:116,5
DA:117,5
DA:118,5
DA:119,5
DA:120,5
DA:121,5
DA:122,5
DA:123,5
DA:124,5
DA:125,5
DA:126,5
DA:127,5
DA:128,5
DA:129,5
DA:130,5
DA:131,5
DA:132,5
DA:133,5
DA:134,5
DA:135,5
DA:136,5
DA:137,5
DA:138,5
DA:139,5
DA:140,5
DA:141,5
DA:142,5
DA:143,5
DA:144,5
DA:145,5
DA:146,5
DA:147,5
DA:148,5
DA:149,5
DA:150,5
DA:151,5
DA:152,5
DA:153,5
DA:154,5
DA:155,5
DA:156,69
DA:157,8
DA:158,8
DA:159,8
DA:160,8
DA:161,8
DA:162,8
DA:163,8
DA:164,8
DA:165,8
DA:166,8
DA:167,8
DA:168,8
DA:169,8
DA:170,8
DA:171,8
DA:172,8
DA:173,8
DA:174,8
DA:175,8
DA:176,8
DA:177,8
DA:178,8
DA:179,69
DA:180,5
DA:181,5
DA:182,5
LF:182
LH:182
BRDA:1,0,0,5
BRDA:6,1,0,5
BRDA:16,2,0,35
BRDA:25,3,0,35
BRDA:30,4,0,12
BRDA:35,5,0,5
BRDA:155,6,0,69
BRDA:157,7,0,8
BRDA:156,8,0,61
BRDA:160,9,0,5
BRF:10
BRH:10
end_of_record
TN:
SF:src/components/employee/employee-form.js
FN:9,get properties
FN:21,EmployeeForm
FN:43,_onLanguageChanged
FN:48,updated
FN:55,get styles
FN:147,_handleInputChange
FN:161,_validateForm
FN:181,_handleSubmit
FN:196,_handleConfirmUpdate
FN:201,_handleCancelUpdate
FN:205,_updateEmployee
FN:215,_createEmployee
FN:225,_handleCancel
FN:229,render
FNF:14
FNH:13
FNDA:3,get properties
FNDA:22,EmployeeForm
FNDA:9,_onLanguageChanged
FNDA:47,updated
FNDA:3,get styles
FNDA:1,_handleInputChange
FNDA:5,_validateForm
FNDA:5,_handleSubmit
FNDA:1,_handleConfirmUpdate
FNDA:0,_handleCancelUpdate
FNDA:1,_updateEmployee
FNDA:1,_createEmployee
FNDA:1,_handleCancel
FNDA:47,render
DA:1,3
DA:2,3
DA:3,3
DA:4,3
DA:5,3
DA:6,3
DA:7,3
DA:8,3
DA:9,3
DA:10,3
DA:11,3
DA:12,3
DA:13,3
DA:14,3
DA:15,3
DA:16,3
DA:17,3
DA:18,3
DA:19,3
DA:20,3
DA:21,3
DA:22,22
DA:23,22
DA:24,22
DA:25,22
DA:26,22
DA:27,22
DA:28,22
DA:29,22
DA:30,22
DA:31,22
DA:32,22
DA:33,22
DA:34,22
DA:35,22
DA:36,22
DA:37,22
DA:38,22
DA:39,22
DA:40,22
DA:41,22
DA:42,3
DA:43,3
DA:44,9
DA:45,9
DA:46,9
DA:47,3
DA:48,3
DA:49,47
DA:50,5
DA:51,5
DA:52,5
DA:53,47
DA:54,3
DA:55,3
DA:56,3
DA:57,3
DA:58,3
DA:59,3
DA:60,3
DA:61,3
DA:62,3
DA:63,3
DA:64,3
DA:65,3
DA:66,3
DA:67,3
DA:68,3
DA:69,3
DA:70,3
DA:71,3
DA:72,3
DA:73,3
DA:74,3
DA:75,3
DA:76,3
DA:77,3
DA:78,3
DA:79,3
DA:80,3
DA:81,3
DA:82,3
DA:83,3
DA:84,3
DA:85,3
DA:86,3
DA:87,3
DA:88,3
DA:89,3
DA:90,3
DA:91,3
DA:92,3
DA:93,3
DA:94,3
DA:95,3
DA:96,3
DA:97,3
DA:98,3
DA:99,3
DA:100,3
DA:101,3
DA:102,3
DA:103,3
DA:104,3
DA:105,3
DA:106,3
DA:107,3
DA:108,3
DA:109,3
DA:110,3
DA:111,3
DA:112,3
DA:113,3
DA:114,3
DA:115,3
DA:116,3
DA:117,3
DA:118,3
DA:119,3
DA:120,3
DA:121,3
DA:122,3
DA:123,3
DA:124,3
DA:125,3
DA:126,3
DA:127,3
DA:128,3
DA:129,3
DA:130,3
DA:131,3
DA:132,3
DA:133,3
DA:134,3
DA:135,3
DA:136,3
DA:137,3
DA:138,3
DA:139,3
DA:140,3
DA:141,3
DA:142,3
DA:143,3
DA:144,3
DA:145,3
DA:146,3
DA:147,3
DA:148,1
DA:149,1
DA:150,1
DA:151,1
DA:152,1
DA:153,1
DA:154,1
DA:155,0
DA:156,0
DA:157,0
DA:158,0
DA:159,1
DA:160,3
DA:161,3
DA:162,5
DA:163,5
DA:164,5
DA:165,5
DA:166,8
DA:167,5
DA:168,5
DA:169,5
DA:170,1
DA:171,1
DA:172,5
DA:173,5
DA:174,1
DA:175,1
DA:176,5
DA:177,5
DA:178,5
DA:179,5
DA:180,3
DA:181,3
DA:182,5
DA:183,5
DA:184,5
DA:185,3
DA:186,3
DA:187,2
DA:188,5
DA:189,1
DA:190,1
DA:191,1
DA:192,1
DA:193,1
DA:194,5
DA:195,3
DA:196,3
DA:197,1
DA:198,1
DA:199,1
DA:200,3
DA:201,3
DA:202,0
DA:203,0
DA:204,3
DA:205,3
DA:206,1
DA:207,1
DA:208,1
DA:209,1
DA:210,1
DA:211,1
DA:212,1
DA:213,1
DA:214,3
DA:215,3
DA:216,1
DA:217,1
DA:218,1
DA:219,1
DA:220,1
DA:221,1
DA:222,1
DA:223,1
DA:224,3
DA:225,3
DA:226,1
DA:227,1
DA:228,3
DA:229,3
DA:230,47
DA:231,47
DA:232,47
DA:233,47
DA:234,47
DA:235,47
DA:236,47
DA:237,47
DA:238,47
DA:239,47
DA:240,47
DA:241,47
DA:242,47
DA:243,47
DA:244,47
DA:245,47
DA:246,47
DA:247,47
DA:248,47
DA:249,47
DA:250,47
DA:251,47
DA:252,47
DA:253,47
DA:254,47
DA:255,47
DA:256,47
DA:257,47
DA:258,47
DA:259,47
DA:260,47
DA:261,47
DA:262,47
DA:263,47
DA:264,47
DA:265,47
DA:266,47
DA:267,47
DA:268,47
DA:269,47
DA:270,47
DA:271,47
DA:272,47
DA:273,47
DA:274,47
DA:275,47
DA:276,47
DA:277,47
DA:278,47
DA:279,47
DA:280,47
DA:281,47
DA:282,47
DA:283,47
DA:284,47
DA:285,47
DA:286,47
DA:287,47
DA:288,47
DA:289,47
DA:290,47
DA:291,47
DA:292,47
DA:293,47
DA:294,47
DA:295,47
DA:296,47
DA:297,47
DA:298,47
DA:299,47
DA:300,47
DA:301,47
DA:302,47
DA:303,47
DA:304,47
DA:305,47
DA:306,47
DA:307,47
DA:308,47
DA:309,47
DA:310,47
DA:311,47
DA:312,47
DA:313,47
DA:314,47
DA:315,47
DA:316,47
DA:317,47
DA:318,47
DA:319,47
DA:320,47
DA:321,47
DA:322,47
DA:323,47
DA:324,47
DA:325,47
DA:326,47
DA:327,47
DA:328,47
DA:329,47
DA:330,47
DA:331,47
DA:332,47
DA:333,47
DA:334,47
DA:335,47
DA:336,47
DA:337,47
DA:338,47
DA:339,47
DA:340,47
DA:341,47
DA:342,47
DA:343,47
DA:344,47
DA:345,47
DA:346,47
DA:347,47
DA:348,47
DA:349,47
DA:350,47
DA:351,47
DA:352,47
DA:353,47
DA:354,47
DA:355,47
DA:356,47
DA:357,47
DA:358,47
DA:359,47
DA:360,47
DA:361,47
DA:362,47
DA:363,47
DA:364,3
DA:365,3
DA:366,3
LF:366
LH:360
BRDA:1,0,0,3
BRDA:9,1,0,3
BRDA:21,2,0,22
BRDA:43,3,0,10
BRDA:48,4,0,47
BRDA:49,5,0,24
BRDA:49,6,0,5
BRDA:49,7,0,5
BRDA:55,8,0,3
BRDA:229,9,0,47
BRDA:243,10,0,1
BRDA:256,11,0,1
BRDA:269,12,0,1
BRDA:282,13,0,1
BRDA:296,14,0,2
BRDA:309,15,0,2
BRDA:325,16,0,1
BRDA:342,17,0,1
BRDA:350,18,0,8
BRDA:240,19,0,32
BRDA:253,20,0,33
BRDA:266,21,0,33
BRDA:279,22,0,33
BRDA:293,23,0,33
BRDA:306,24,0,33
BRDA:318,25,0,33
BRDA:334,26,0,33
BRDA:350,27,0,39
BRDA:147,28,0,3
BRDA:154,29,0,2
BRDA:161,30,0,7
BRDA:169,31,0,3
BRDA:173,32,0,3
BRDA:165,33,0,10
BRDA:181,34,0,7
BRDA:184,35,0,5
BRDA:187,36,0,4
BRDA:188,37,0,3
BRDA:196,38,0,3
BRDA:205,39,0,3
BRDA:215,40,0,3
BRDA:225,41,0,3
BRDA:243,42,0,46
BRDA:256,43,0,46
BRDA:269,44,0,46
BRDA:282,45,0,46
BRDA:296,46,0,45
BRDA:309,47,0,45
BRDA:325,48,0,46
BRDA:342,49,0,46
BRF:50
BRH:50
end_of_record
TN:
SF:src/components/employee/employee-list-header.js
FN:6,get properties
FN:14,EmployeeListHeader
FN:23,_onLanguageChanged
FN:28,get styles
FN:98,_handleViewChange
FN:107,_handleSearch
FN:116,render
FNF:7
FNH:7
FNDA:2,get properties
FNDA:11,EmployeeListHeader
FNDA:5,_onLanguageChanged
FNDA:2,get styles
FNDA:1,_handleViewChange
FNDA:1,_handleSearch
FNDA:19,render
DA:1,2
DA:2,2
DA:3,2
DA:4,2
DA:5,2
DA:6,2
DA:7,2
DA:8,2
DA:9,2
DA:10,2
DA:11,2
DA:12,2
DA:13,2
DA:14,2
DA:15,11
DA:16,11
DA:17,11
DA:18,11
DA:19,11
DA:20,11
DA:21,11
DA:22,2
DA:23,2
DA:24,5
DA:25,5
DA:26,5
DA:27,2
DA:28,2
DA:29,2
DA:30,2
DA:31,2
DA:32,2
DA:33,2
DA:34,2
DA:35,2
DA:36,2
DA:37,2
DA:38,2
DA:39,2
DA:40,2
DA:41,2
DA:42,2
DA:43,2
DA:44,2
DA:45,2
DA:46,2
DA:47,2
DA:48,2
DA:49,2
DA:50,2
DA:51,2
DA:52,2
DA:53,2
DA:54,2
DA:55,2
DA:56,2
DA:57,2
DA:58,2
DA:59,2
DA:60,2
DA:61,2
DA:62,2
DA:63,2
DA:64,2
DA:65,2
DA:66,2
DA:67,2
DA:68,2
DA:69,2
DA:70,2
DA:71,2
DA:72,2
DA:73,2
DA:74,2
DA:75,2
DA:76,2
DA:77,2
DA:78,2
DA:79,2
DA:80,2
DA:81,2
DA:82,2
DA:83,2
DA:84,2
DA:85,2
DA:86,2
DA:87,2
DA:88,2
DA:89,2
DA:90,2
DA:91,2
DA:92,2
DA:93,2
DA:94,2
DA:95,2
DA:96,2
DA:97,2
DA:98,2
DA:99,1
DA:100,1
DA:101,1
DA:102,1
DA:103,1
DA:104,1
DA:105,1
DA:106,2
DA:107,2
DA:108,1
DA:109,1
DA:110,1
DA:111,1
DA:112,1
DA:113,1
DA:114,1
DA:115,2
DA:116,2
DA:117,19
DA:118,19
DA:119,19
DA:120,19
DA:121,19
DA:122,19
DA:123,19
DA:124,19
DA:125,19
DA:126,19
DA:127,19
DA:128,19
DA:129,19
DA:130,19
DA:131,19
DA:132,19
DA:133,19
DA:134,19
DA:135,19
DA:136,19
DA:137,19
DA:138,19
DA:139,19
DA:140,19
DA:141,19
DA:142,19
DA:143,19
DA:144,19
DA:145,19
DA:146,19
DA:147,2
DA:148,2
DA:149,2
LF:149
LH:149
BRDA:1,0,0,2
BRDA:6,1,0,2
BRDA:14,2,0,11
BRDA:28,3,0,2
BRDA:116,4,0,19
BRDA:123,5,0,15
BRDA:123,6,0,4
BRDA:129,7,0,4
BRDA:129,8,0,15
BRDA:23,9,0,6
BRDA:98,10,0,2
BRDA:107,11,0,2
BRDA:130,12,0,7
BRF:13
BRH:13
end_of_record
TN:
SF:src/components/employee/employee-list.js
FN:7,get properties
FN:15,EmployeeList
FN:24,_onLanguageChanged
FN:29,get styles
FN:155,_onEditEmployee
FN:165,_onDeleteEmployee
FN:173,render
FNF:7
FNH:7
FNDA:2,get properties
FNDA:10,EmployeeList
FNDA:8,_onLanguageChanged
FNDA:2,get styles
FNDA:1,_onEditEmployee
FNDA:1,_onDeleteEmployee
FNDA:24,render
DA:1,2
DA:2,2
DA:3,2
DA:4,2
DA:5,2
DA:6,2
DA:7,2
DA:8,2
DA:9,2
DA:10,2
DA:11,2
DA:12,2
DA:13,2
DA:14,2
DA:15,2
DA:16,10
DA:17,10
DA:18,10
DA:19,10
DA:20,10
DA:21,10
DA:22,10
DA:23,2
DA:24,2
DA:25,8
DA:26,8
DA:27,8
DA:28,2
DA:29,2
DA:30,2
DA:31,2
DA:32,2
DA:33,2
DA:34,2
DA:35,2
DA:36,2
DA:37,2
DA:38,2
DA:39,2
DA:40,2
DA:41,2
DA:42,2
DA:43,2
DA:44,2
DA:45,2
DA:46,2
DA:47,2
DA:48,2
DA:49,2
DA:50,2
DA:51,2
DA:52,2
DA:53,2
DA:54,2
DA:55,2
DA:56,2
DA:57,2
DA:58,2
DA:59,2
DA:60,2
DA:61,2
DA:62,2
DA:63,2
DA:64,2
DA:65,2
DA:66,2
DA:67,2
DA:68,2
DA:69,2
DA:70,2
DA:71,2
DA:72,2
DA:73,2
DA:74,2
DA:75,2
DA:76,2
DA:77,2
DA:78,2
DA:79,2
DA:80,2
DA:81,2
DA:82,2
DA:83,2
DA:84,2
DA:85,2
DA:86,2
DA:87,2
DA:88,2
DA:89,2
DA:90,2
DA:91,2
DA:92,2
DA:93,2
DA:94,2
DA:95,2
DA:96,2
DA:97,2
DA:98,2
DA:99,2
DA:100,2
DA:101,2
DA:102,2
DA:103,2
DA:104,2
DA:105,2
DA:106,2
DA:107,2
DA:108,2
DA:109,2
DA:110,2
DA:111,2
DA:112,2
DA:113,2
DA:114,2
DA:115,2
DA:116,2
DA:117,2
DA:118,2
DA:119,2
DA:120,2
DA:121,2
DA:122,2
DA:123,2
DA:124,2
DA:125,2
DA:126,2
DA:127,2
DA:128,2
DA:129,2
DA:130,2
DA:131,2
DA:132,2
DA:133,2
DA:134,2
DA:135,2
DA:136,2
DA:137,2
DA:138,2
DA:139,2
DA:140,2
DA:141,2
DA:142,2
DA:143,2
DA:144,2
DA:145,2
DA:146,2
DA:147,2
DA:148,2
DA:149,2
DA:150,2
DA:151,2
DA:152,2
DA:153,2
DA:154,2
DA:155,2
DA:156,1
DA:157,1
DA:158,1
DA:159,1
DA:160,1
DA:161,1
DA:162,1
DA:163,1
DA:164,2
DA:165,2
DA:166,1
DA:167,1
DA:168,1
DA:169,1
DA:170,1
DA:171,1
DA:172,2
DA:173,2
DA:174,24
DA:175,3
DA:176,3
DA:177,21
DA:178,24
DA:179,12
DA:180,12
DA:181,9
DA:182,9
DA:183,9
DA:184,9
DA:185,18
DA:186,18
DA:187,18
DA:188,18
DA:189,18
DA:190,18
DA:191,18
DA:192,18
DA:193,18
DA:194,18
DA:195,18
DA:196,18
DA:197,18
DA:198,18
DA:199,18
DA:200,18
DA:201,18
DA:202,18
DA:203,18
DA:204,18
DA:205,18
DA:206,18
DA:207,18
DA:208,18
DA:209,18
DA:210,18
DA:211,18
DA:212,18
DA:213,18
DA:214,18
DA:215,18
DA:216,18
DA:217,18
DA:218,18
DA:219,18
DA:220,18
DA:221,18
DA:222,18
DA:223,18
DA:224,18
DA:225,18
DA:226,18
DA:227,18
DA:228,18
DA:229,18
DA:230,18
DA:231,18
DA:232,18
DA:233,18
DA:234,18
DA:235,18
DA:236,18
DA:237,9
DA:238,9
DA:239,9
DA:240,24
DA:241,2
DA:242,2
DA:243,2
LF:243
LH:243
BRDA:1,0,0,2
BRDA:7,1,0,2
BRDA:15,2,0,10
BRDA:29,3,0,2
BRDA:173,4,0,24
BRDA:177,5,0,21
BRDA:178,6,0,23
BRDA:24,7,0,9
BRDA:155,8,0,2
BRDA:165,9,0,2
BRDA:174,10,0,3
BRDA:178,11,0,12
BRDA:181,12,0,9
BRDA:184,13,0,18
BRDA:225,14,0,1
BRDA:231,15,0,1
BRF:16
BRH:16
end_of_record
TN:
SF:src/components/employee/employee-table.js
FN:7,get properties
FN:15,EmployeeTable
FN:24,_onLanguageChanged
FN:29,get styles
FN:106,_onEditEmployee
FN:116,_onDeleteEmployee
FN:124,render
FNF:7
FNH:7
FNDA:2,get properties
FNDA:15,EmployeeTable
FNDA:9,_onLanguageChanged
FNDA:2,get styles
FNDA:1,_onEditEmployee
FNDA:1,_onDeleteEmployee
FNDA:33,render
DA:1,2
DA:2,2
DA:3,2
DA:4,2
DA:5,2
DA:6,2
DA:7,2
DA:8,2
DA:9,2
DA:10,2
DA:11,2
DA:12,2
DA:13,2
DA:14,2
DA:15,2
DA:16,15
DA:17,15
DA:18,15
DA:19,15
DA:20,15
DA:21,15
DA:22,15
DA:23,2
DA:24,2
DA:25,9
DA:26,9
DA:27,9
DA:28,2
DA:29,2
DA:30,2
DA:31,2
DA:32,2
DA:33,2
DA:34,2
DA:35,2
DA:36,2
DA:37,2
DA:38,2
DA:39,2
DA:40,2
DA:41,2
DA:42,2
DA:43,2
DA:44,2
DA:45,2
DA:46,2
DA:47,2
DA:48,2
DA:49,2
DA:50,2
DA:51,2
DA:52,2
DA:53,2
DA:54,2
DA:55,2
DA:56,2
DA:57,2
DA:58,2
DA:59,2
DA:60,2
DA:61,2
DA:62,2
DA:63,2
DA:64,2
DA:65,2
DA:66,2
DA:67,2
DA:68,2
DA:69,2
DA:70,2
DA:71,2
DA:72,2
DA:73,2
DA:74,2
DA:75,2
DA:76,2
DA:77,2
DA:78,2
DA:79,2
DA:80,2
DA:81,2
DA:82,2
DA:83,2
DA:84,2
DA:85,2
DA:86,2
DA:87,2
DA:88,2
DA:89,2
DA:90,2
DA:91,2
DA:92,2
DA:93,2
DA:94,2
DA:95,2
DA:96,2
DA:97,2
DA:98,2
DA:99,2
DA:100,2
DA:101,2
DA:102,2
DA:103,2
DA:104,2
DA:105,2
DA:106,2
DA:107,1
DA:108,1
DA:109,1
DA:110,1
DA:111,1
DA:112,1
DA:113,1
DA:114,1
DA:115,2
DA:116,2
DA:117,1
DA:118,1
DA:119,1
DA:120,1
DA:121,1
DA:122,1
DA:123,2
DA:124,2
DA:125,33
DA:126,9
DA:127,9
DA:128,24
DA:129,33
DA:130,13
DA:131,13
DA:132,11
DA:133,11
DA:134,11
DA:135,11
DA:136,11
DA:137,11
DA:138,11
DA:139,11
DA:140,11
DA:141,11
DA:142,11
DA:143,11
DA:144,11
DA:145,11
DA:146,11
DA:147,11
DA:148,11
DA:149,11
DA:150,11
DA:151,11
DA:152,11
DA:153,22
DA:154,22
DA:155,22
DA:156,22
DA:157,22
DA:158,22
DA:159,22
DA:160,22
DA:161,22
DA:162,22
DA:163,22
DA:164,22
DA:165,22
DA:166,22
DA:167,22
DA:168,22
DA:169,22
DA:170,22
DA:171,22
DA:172,22
DA:173,22
DA:174,22
DA:175,22
DA:176,22
DA:177,22
DA:178,22
DA:179,22
DA:180,11
DA:181,11
DA:182,11
DA:183,11
DA:184,33
DA:185,2
DA:186,2
DA:187,2
LF:187
LH:187
BRDA:1,0,0,2
BRDA:7,1,0,2
BRDA:15,2,0,15
BRDA:29,3,0,2
BRDA:124,4,0,33
BRDA:126,5,0,0
BRDA:128,6,0,24
BRDA:129,7,0,26
BRDA:24,8,0,10
BRDA:106,9,0,2
BRDA:116,10,0,2
BRDA:125,11,0,9
BRDA:129,12,0,13
BRDA:132,13,0,11
BRDA:152,14,0,22
BRDA:168,15,0,1
BRDA:174,16,0,1
BRF:17
BRH:16
end_of_record
TN:
SF:src/components/layout/app-top-bar.js
FN:6,get properties
FN:12,AppTopBar
FN:19,connectedCallback
FN:24,_onLanguageChanged
FN:28,get styles
FN:187,_changeLang
FN:203,render
FNF:7
FNH:7
FNDA:4,get properties
FNDA:34,AppTopBar
FNDA:34,connectedCallback
FNDA:32,_onLanguageChanged
FNDA:4,get styles
FNDA:1,_changeLang
FNDA:55,render
DA:1,4
DA:2,4
DA:3,4
DA:4,4
DA:5,4
DA:6,4
DA:7,4
DA:8,4
DA:9,4
DA:10,4
DA:11,4
DA:12,4
DA:13,34
DA:14,34
DA:15,34
DA:16,34
DA:17,34
DA:18,4
DA:19,4
DA:20,34
DA:21,34
DA:22,34
DA:23,4
DA:24,4
DA:25,32
DA:26,32
DA:27,4
DA:28,4
DA:29,4
DA:30,4
DA:31,4
DA:32,4
DA:33,4
DA:34,4
DA:35,4
DA:36,4
DA:37,4
DA:38,4
DA:39,4
DA:40,4
DA:41,4
DA:42,4
DA:43,4
DA:44,4
DA:45,4
DA:46,4
DA:47,4
DA:48,4
DA:49,4
DA:50,4
DA:51,4
DA:52,4
DA:53,4
DA:54,4
DA:55,4
DA:56,4
DA:57,4
DA:58,4
DA:59,4
DA:60,4
DA:61,4
DA:62,4
DA:63,4
DA:64,4
DA:65,4
DA:66,4
DA:67,4
DA:68,4
DA:69,4
DA:70,4
DA:71,4
DA:72,4
DA:73,4
DA:74,4
DA:75,4
DA:76,4
DA:77,4
DA:78,4
DA:79,4
DA:80,4
DA:81,4
DA:82,4
DA:83,4
DA:84,4
DA:85,4
DA:86,4
DA:87,4
DA:88,4
DA:89,4
DA:90,4
DA:91,4
DA:92,4
DA:93,4
DA:94,4
DA:95,4
DA:96,4
DA:97,4
DA:98,4
DA:99,4
DA:100,4
DA:101,4
DA:102,4
DA:103,4
DA:104,4
DA:105,4
DA:106,4
DA:107,4
DA:108,4
DA:109,4
DA:110,4
DA:111,4
DA:112,4
DA:113,4
DA:114,4
DA:115,4
DA:116,4
DA:117,4
DA:118,4
DA:119,4
DA:120,4
DA:121,4
DA:122,4
DA:123,4
DA:124,4
DA:125,4
DA:126,4
DA:127,4
DA:128,4
DA:129,4
DA:130,4
DA:131,4
DA:132,4
DA:133,4
DA:134,4
DA:135,4
DA:136,4
DA:137,4
DA:138,4
DA:139,4
DA:140,4
DA:141,4
DA:142,4
DA:143,4
DA:144,4
DA:145,4
DA:146,4
DA:147,4
DA:148,4
DA:149,4
DA:150,4
DA:151,4
DA:152,4
DA:153,4
DA:154,4
DA:155,4
DA:156,4
DA:157,4
DA:158,4
DA:159,4
DA:160,4
DA:161,4
DA:162,4
DA:163,4
DA:164,4
DA:165,4
DA:166,4
DA:167,4
DA:168,4
DA:169,4
DA:170,4
DA:171,4
DA:172,4
DA:173,4
DA:174,4
DA:175,4
DA:176,4
DA:177,4
DA:178,4
DA:179,4
DA:180,4
DA:181,4
DA:182,4
DA:183,4
DA:184,4
DA:185,4
DA:186,4
DA:187,4
DA:188,1
DA:189,1
DA:190,1
DA:191,1
DA:192,1
DA:193,1
DA:194,1
DA:195,1
DA:196,1
DA:197,1
DA:198,1
DA:199,1
DA:200,1
DA:201,1
DA:202,4
DA:203,4
DA:204,55
DA:205,55
DA:206,55
DA:207,55
DA:208,55
DA:209,55
DA:210,55
DA:211,55
DA:212,55
DA:213,55
DA:214,55
DA:215,55
DA:216,55
DA:217,55
DA:218,55
DA:219,55
DA:220,55
DA:221,55
DA:222,55
DA:223,55
DA:224,55
DA:225,55
DA:226,55
DA:227,55
DA:228,55
DA:229,55
DA:230,55
DA:231,55
DA:232,55
DA:233,55
DA:234,55
DA:235,55
DA:236,55
DA:237,55
DA:238,55
DA:239,55
DA:240,55
DA:241,55
DA:242,55
DA:243,4
DA:244,4
DA:245,4
LF:245
LH:245
BRDA:1,0,0,4
BRDA:6,1,0,4
BRDA:12,2,0,34
BRDA:19,3,0,34
BRDA:24,4,0,33
BRDA:28,5,0,4
BRDA:203,6,0,55
BRDA:224,7,0,31
BRDA:224,8,0,24
BRDA:232,9,0,24
BRDA:232,10,0,31
BRDA:14,11,0,31
BRDA:21,12,0,31
BRDA:187,13,0,4
BRDA:233,14,0,43
BRF:15
BRH:15
end_of_record
TN:
SF:src/components/ui/pagination.js
FN:4,get properties
FN:12,Pagination
FN:19,get styles
FN:77,_onPageChange
FN:90,_getVisiblePages
FN:102,render
FNF:6
FNH:6
FNDA:2,get properties
FNDA:12,Pagination
FNDA:2,get styles
FNDA:3,_onPageChange
FNDA:24,_getVisiblePages
FNDA:24,render
DA:1,2
DA:2,2
DA:3,2
DA:4,2
DA:5,2
DA:6,2
DA:7,2
DA:8,2
DA:9,2
DA:10,2
DA:11,2
DA:12,2
DA:13,12
DA:14,12
DA:15,12
DA:16,12
DA:17,12
DA:18,2
DA:19,2
DA:20,2
DA:21,2
DA:22,2
DA:23,2
DA:24,2
DA:25,2
DA:26,2
DA:27,2
DA:28,2
DA:29,2
DA:30,2
DA:31,2
DA:32,2
DA:33,2
DA:34,2
DA:35,2
DA:36,2
DA:37,2
DA:38,2
DA:39,2
DA:40,2
DA:41,2
DA:42,2
DA:43,2
DA:44,2
DA:45,2
DA:46,2
DA:47,2
DA:48,2
DA:49,2
DA:50,2
DA:51,2
DA:52,2
DA:53,2
DA:54,2
DA:55,2
DA:56,2
DA:57,2
DA:58,2
DA:59,2
DA:60,2
DA:61,2
DA:62,2
DA:63,2
DA:64,2
DA:65,2
DA:66,2
DA:67,2
DA:68,2
DA:69,2
DA:70,2
DA:71,2
DA:72,2
DA:73,2
DA:74,2
DA:75,2
DA:76,2
DA:77,2
DA:78,3
DA:79,1
DA:80,1
DA:81,2
DA:82,2
DA:83,2
DA:84,2
DA:85,2
DA:86,2
DA:87,2
DA:88,3
DA:89,2
DA:90,2
DA:91,24
DA:92,24
DA:93,24
DA:94,24
DA:95,24
DA:96,24
DA:97,24
DA:98,24
DA:99,24
DA:100,24
DA:101,2
DA:102,2
DA:103,24
DA:104,24
DA:105,24
DA:106,24
DA:107,24
DA:108,24
DA:109,24
DA:110,24
DA:111,24
DA:112,24
DA:113,24
DA:114,24
DA:115,24
DA:116,24
DA:117,24
DA:118,70
DA:119,70
DA:120,70
DA:121,70
DA:122,70
DA:123,70
DA:124,70
DA:125,24
DA:126,24
DA:127,24
DA:128,24
DA:129,24
DA:130,24
DA:131,24
DA:132,24
DA:133,24
DA:134,24
DA:135,24
DA:136,24
DA:137,24
DA:138,24
DA:139,2
DA:140,2
DA:141,2
LF:141
LH:141
BRDA:1,0,0,2
BRDA:4,1,0,2
BRDA:19,2,0,2
BRDA:12,3,0,13
BRDA:77,4,0,4
BRDA:78,5,0,3
BRDA:78,6,0,3
BRDA:78,7,0,2
BRDA:81,8,0,3
BRDA:90,9,0,25
BRDA:99,10,0,71
BRDA:102,11,0,25
BRDA:110,12,0,17
BRDA:110,13,0,9
BRDA:129,14,0,14
BRDA:129,15,0,12
BRDA:111,16,0,3
BRDA:117,17,0,71
BRDA:120,18,0,25
BRDA:120,19,0,47
BRDA:130,20,0,2
BRF:21
BRH:21
end_of_record
TN:
SF:src/constants/enums.js
FNF:0
FNH:0
DA:1,11
DA:2,11
DA:3,11
DA:4,11
DA:5,11
DA:6,11
DA:7,11
DA:8,11
DA:9,11
DA:10,11
DA:11,11
DA:12,11
DA:13,11
DA:14,11
DA:15,11
DA:16,11
DA:17,11
DA:18,11
DA:19,11
DA:20,11
DA:21,11
DA:22,11
DA:23,11
DA:24,11
DA:25,11
DA:26,11
DA:27,11
DA:28,11
DA:29,11
DA:30,11
DA:31,11
DA:32,11
DA:33,11
DA:34,11
DA:35,11
DA:36,11
DA:37,11
DA:38,11
DA:39,11
DA:40,11
DA:41,11
LF:41
LH:41
BRDA:1,0,0,11
BRF:1
BRH:1
end_of_record
TN:
SF:src/i18n/i18n.js
FN:6,I18nService
FN:25,updateLanguageFromDocument
FN:34,t
FN:50,setLanguage
FN:64,get currentLanguage
FNF:5
FNH:4
FNDA:9,I18nService
FNDA:9,updateLanguageFromDocument
FNDA:1424,t
FNDA:2,setLanguage
FNDA:0,get currentLanguage
DA:1,9
DA:2,9
DA:3,9
DA:4,9
DA:5,9
DA:6,9
DA:7,9
DA:8,9
DA:9,9
DA:10,9
DA:11,9
DA:12,9
DA:13,9
DA:14,9
DA:15,1
DA:16,9
DA:17,9
DA:18,9
DA:19,0
DA:20,0
DA:21,0
DA:22,0
DA:23,9
DA:24,9
DA:25,9
DA:26,9
DA:27,9
DA:28,9
DA:29,9
DA:30,9
DA:31,9
DA:32,9
DA:33,9
DA:34,9
DA:35,1424
DA:36,1424
DA:37,1424
DA:38,1424
DA:39,2821
DA:40,2821
DA:41,2821
DA:42,0
DA:43,0
DA:44,0
DA:45,2821
DA:46,1424
DA:47,1424
DA:48,1424
DA:49,9
DA:50,9
DA:51,2
DA:52,2
DA:53,2
DA:54,2
DA:55,2
DA:56,2
DA:57,2
DA:58,2
DA:59,2
DA:60,0
DA:61,0
DA:62,2
DA:63,9
DA:64,9
DA:65,0
DA:66,0
DA:67,9
DA:68,9
DA:69,9
LF:69
LH:58
BRDA:1,0,0,9
BRDA:6,1,0,9
BRDA:18,2,0,0
BRDA:25,3,0,9
BRDA:27,4,0,0
BRDA:34,5,0,1424
BRDA:38,6,0,2821
BRDA:41,7,0,0
BRDA:14,8,0,9
BRDA:50,9,0,10
BRDA:59,10,0,8
BRF:11
BRH:8
end_of_record
TN:
SF:src/i18n/translations/en.js
FNF:0
FNH:0
DA:1,9
DA:2,9
DA:3,9
DA:4,9
DA:5,9
DA:6,9
DA:7,9
DA:8,9
DA:9,9
DA:10,9
DA:11,9
DA:12,9
DA:13,9
DA:14,9
DA:15,9
DA:16,9
DA:17,9
DA:18,9
DA:19,9
DA:20,9
DA:21,9
DA:22,9
DA:23,9
DA:24,9
DA:25,9
DA:26,9
DA:27,9
DA:28,9
DA:29,9
DA:30,9
DA:31,9
DA:32,9
DA:33,9
DA:34,9
DA:35,9
DA:36,9
DA:37,9
DA:38,9
DA:39,9
DA:40,9
DA:41,9
DA:42,9
DA:43,9
DA:44,9
DA:45,9
DA:46,9
DA:47,9
DA:48,9
DA:49,9
DA:50,9
DA:51,9
DA:52,9
DA:53,9
DA:54,9
DA:55,9
DA:56,9
DA:57,9
DA:58,9
DA:59,9
DA:60,9
DA:61,9
DA:62,9
DA:63,9
DA:64,9
LF:64
LH:64
BRDA:1,0,0,9
BRF:1
BRH:1
end_of_record
TN:
SF:src/i18n/translations/tr.js
FNF:0
FNH:0
DA:1,9
DA:2,9
DA:3,9
DA:4,9
DA:5,9
DA:6,9
DA:7,9
DA:8,9
DA:9,9
DA:10,9
DA:11,9
DA:12,9
DA:13,9
DA:14,9
DA:15,9
DA:16,9
DA:17,9
DA:18,9
DA:19,9
DA:20,9
DA:21,9
DA:22,9
DA:23,9
DA:24,9
DA:25,9
DA:26,9
DA:27,9
DA:28,9
DA:29,9
DA:30,9
DA:31,9
DA:32,9
DA:33,9
DA:34,9
DA:35,9
DA:36,9
DA:37,9
DA:38,9
DA:39,9
DA:40,9
DA:41,9
DA:42,9
DA:43,9
DA:44,9
DA:45,9
DA:46,9
DA:47,9
DA:48,9
DA:49,9
DA:50,9
DA:51,9
DA:52,9
DA:53,9
DA:54,9
DA:55,9
DA:56,9
DA:57,9
DA:58,9
DA:59,9
DA:60,9
DA:61,9
DA:62,9
DA:63,9
DA:64,9
LF:64
LH:64
BRDA:1,0,0,9
BRF:1
BRH:1
end_of_record
TN:
SF:src/pages/add-employee-page.js
FN:10,get properties
FN:16,AddEmployeePage
FN:24,connectedCallback
FN:29,disconnectedCallback
FN:34,_onLanguageChanged
FN:39,_handleEmployeeCreated
FN:52,get styles
FN:84,render
FNF:8
FNH:8
FNDA:1,get properties
FNDA:9,AddEmployeePage
FNDA:10,connectedCallback
FNDA:10,disconnectedCallback
FNDA:7,_onLanguageChanged
FNDA:2,_handleEmployeeCreated
FNDA:1,get styles
FNDA:16,render
DA:1,1
DA:2,1
DA:3,1
DA:4,1
DA:5,1
DA:6,1
DA:7,1
DA:8,1
DA:9,1
DA:10,1
DA:11,1
DA:12,1
DA:13,1
DA:14,1
DA:15,1
DA:16,1
DA:17,9
DA:18,9
DA:19,9
DA:20,9
DA:21,9
DA:22,9
DA:23,1
DA:24,1
DA:25,10
DA:26,10
DA:27,10
DA:28,1
DA:29,1
DA:30,10
DA:31,10
DA:32,10
DA:33,1
DA:34,1
DA:35,7
DA:36,7
DA:37,7
DA:38,1
DA:39,1
DA:40,2
DA:41,2
DA:42,2
DA:43,2
DA:44,2
DA:45,2
DA:46,2
DA:47,2
DA:48,1
DA:49,1
DA:50,2
DA:51,1
DA:52,1
DA:53,1
DA:54,1
DA:55,1
DA:56,1
DA:57,1
DA:58,1
DA:59,1
DA:60,1
DA:61,1
DA:62,1
DA:63,1
DA:64,1
DA:65,1
DA:66,1
DA:67,1
DA:68,1
DA:69,1
DA:70,1
DA:71,1
DA:72,1
DA:73,1
DA:74,1
DA:75,1
DA:76,1
DA:77,1
DA:78,1
DA:79,1
DA:80,1
DA:81,1
DA:82,1
DA:83,1
DA:84,1
DA:85,16
DA:86,16
DA:87,16
DA:88,16
DA:89,16
DA:90,16
DA:91,16
DA:92,16
DA:93,16
DA:94,16
DA:95,16
DA:96,1
DA:97,1
DA:98,1
LF:98
LH:98
BRDA:1,0,0,1
BRDA:10,1,0,1
BRDA:16,2,0,9
BRDA:24,3,0,10
BRDA:29,4,0,10
BRDA:34,5,0,7
BRDA:39,6,0,2
BRDA:47,7,0,1
BRDA:52,8,0,1
BRDA:84,9,0,16
BRF:10
BRH:10
end_of_record
TN:
SF:src/pages/edit-employee-page.js
FN:11,get properties
FN:20,EditEmployeePage
FN:30,_onLanguageChanged
FN:35,onBeforeEnter
FN:40,_loadEmployeeData
FN:58,_handleEmployeeUpdated
FN:65,get styles
FN:103,render
FNF:8
FNH:7
FNDA:1,get properties
FNDA:9,EditEmployeePage
FNDA:7,_onLanguageChanged
FNDA:2,onBeforeEnter
FNDA:2,_loadEmployeeData
FNDA:0,_handleEmployeeUpdated
FNDA:1,get styles
FNDA:20,render
DA:1,1
DA:2,1
DA:3,1
DA:4,1
DA:5,1
DA:6,1
DA:7,1
DA:8,1
DA:9,1
DA:10,1
DA:11,1
DA:12,1
DA:13,1
DA:14,1
DA:15,1
DA:16,1
DA:17,1
DA:18,1
DA:19,1
DA:20,1
DA:21,9
DA:22,9
DA:23,9
DA:24,9
DA:25,9
DA:26,9
DA:27,9
DA:28,9
DA:29,1
DA:30,1
DA:31,7
DA:32,7
DA:33,7
DA:34,1
DA:35,1
DA:36,2
DA:37,2
DA:38,2
DA:39,1
DA:40,1
DA:41,2
DA:42,2
DA:43,2
DA:44,2
DA:45,2
DA:46,2
DA:47,2
DA:48,1
DA:49,1
DA:50,1
DA:51,1
DA:52,1
DA:53,1
DA:54,1
DA:55,1
DA:56,2
DA:57,1
DA:58,1
DA:59,0
DA:60,0
DA:61,0
DA:62,0
DA:63,0
DA:64,1
DA:65,1
DA:66,1
DA:67,1
DA:68,1
DA:69,1
DA:70,1
DA:71,1
DA:72,1
DA:73,1
DA:74,1
DA:75,1
DA:76,1
DA:77,1
DA:78,1
DA:79,1
DA:80,1
DA:81,1
DA:82,1
DA:83,1
DA:84,1
DA:85,1
DA:86,1
DA:87,1
DA:88,1
DA:89,1
DA:90,1
DA:91,1
DA:92,1
DA:93,1
DA:94,1
DA:95,1
DA:96,1
DA:97,1
DA:98,1
DA:99,1
DA:100,1
DA:101,1
DA:102,1
DA:103,1
DA:104,20
DA:105,15
DA:106,15
DA:107,15
DA:108,15
DA:109,15
DA:110,15
DA:111,15
DA:112,15
DA:113,15
DA:114,5
DA:115,5
DA:116,5
DA:117,5
DA:118,5
DA:119,5
DA:120,5
DA:121,5
DA:122,5
DA:123,20
DA:124,20
DA:125,20
DA:126,20
DA:127,20
DA:128,20
DA:129,20
DA:130,1
DA:131,1
DA:132,1
LF:132
LH:127
BRDA:1,0,0,1
BRDA:11,1,0,1
BRDA:20,2,0,9
BRDA:30,3,0,7
BRDA:35,4,0,2
BRDA:40,5,0,2
BRDA:47,6,0,1
BRDA:45,7,0,1
BRDA:52,8,0,1
BRDA:65,9,0,1
BRDA:103,10,0,20
BRDA:104,11,0,15
BRDA:114,12,0,5
BRDA:123,13,0,0
BRF:14
BRH:13
end_of_record
TN:
SF:src/pages/employee-list-page.js
FN:15,get properties
FN:31,EmployeeListPage
FN:55,disconnectedCallback
FN:64,_handleResize
FN:78,get styles
FN:159,connectedCallback
FN:165,_loadEmployees
FN:176,_applyFilters
FN:192,_getCurrentPageEmployees
FN:198,_getTotalPages
FN:202,_onViewModeChanged
FN:209,_onSearch
FN:215,_onPageChanged
FN:219,_onDeleteEmployee
FN:228,_handleConfirmDelete
FN:236,_handleCancelDelete
FN:241,_renderEmployeeView
FN:279,render
FNF:18
FNH:11
FNDA:1,get properties
FNDA:5,EmployeeListPage
FNDA:5,disconnectedCallback
FNDA:0,_handleResize
FNDA:1,get styles
FNDA:5,connectedCallback
FNDA:5,_loadEmployees
FNDA:10,_applyFilters
FNDA:8,_getCurrentPageEmployees
FNDA:8,_getTotalPages
FNDA:0,_onViewModeChanged
FNDA:0,_onSearch
FNDA:0,_onPageChanged
FNDA:0,_onDeleteEmployee
FNDA:0,_handleConfirmDelete
FNDA:0,_handleCancelDelete
FNDA:8,_renderEmployeeView
FNDA:8,render
DA:1,1
DA:2,1
DA:3,1
DA:4,1
DA:5,1
DA:6,1
DA:7,1
DA:8,1
DA:9,1
DA:10,1
DA:11,1
DA:12,1
DA:13,1
DA:14,1
DA:15,1
DA:16,1
DA:17,1
DA:18,1
DA:19,1
DA:20,1
DA:21,1
DA:22,1
DA:23,1
DA:24,1
DA:25,1
DA:26,1
DA:27,1
DA:28,1
DA:29,1
DA:30,1
DA:31,1
DA:32,5
DA:33,5
DA:34,5
DA:35,5
DA:36,5
DA:37,5
DA:38,5
DA:39,5
DA:40,5
DA:41,5
DA:42,5
DA:43,5
DA:44,5
DA:45,5
DA:46,5
DA:47,5
DA:48,5
DA:49,5
DA:50,5
DA:51,5
DA:52,5
DA:53,5
DA:54,1
DA:55,1
DA:56,5
DA:57,5
DA:58,5
DA:59,5
DA:60,5
DA:61,5
DA:62,5
DA:63,1
DA:64,1
DA:65,0
DA:66,0
DA:67,0
DA:68,0
DA:69,0
DA:70,0
DA:71,0
DA:72,0
DA:73,0
DA:74,0
DA:75,0
DA:76,0
DA:77,1
DA:78,1
DA:79,1
DA:80,1
DA:81,1
DA:82,1
DA:83,1
DA:84,1
DA:85,1
DA:86,1
DA:87,1
DA:88,1
DA:89,1
DA:90,1
DA:91,1
DA:92,1
DA:93,1
DA:94,1
DA:95,1
DA:96,1
DA:97,1
DA:98,1
DA:99,1
DA:100,1
DA:101,1
DA:102,1
DA:103,1
DA:104,1
DA:105,1
DA:106,1
DA:107,1
DA:108,1
DA:109,1
DA:110,1
DA:111,1
DA:112,1
DA:113,1
DA:114,1
DA:115,1
DA:116,1
DA:117,1
DA:118,1
DA:119,1
DA:120,1
DA:121,1
DA:122,1
DA:123,1
DA:124,1
DA:125,1
DA:126,1
DA:127,1
DA:128,1
DA:129,1
DA:130,1
DA:131,1
DA:132,1
DA:133,1
DA:134,1
DA:135,1
DA:136,1
DA:137,1
DA:138,1
DA:139,1
DA:140,1
DA:141,1
DA:142,1
DA:143,1
DA:144,1
DA:145,1
DA:146,1
DA:147,1
DA:148,1
DA:149,1
DA:150,1
DA:151,1
DA:152,1
DA:153,1
DA:154,1
DA:155,1
DA:156,1
DA:157,1
DA:158,1
DA:159,1
DA:160,5
DA:161,5
DA:162,5
DA:163,5
DA:164,1
DA:165,1
DA:166,5
DA:167,5
DA:168,5
DA:169,5
DA:170,5
DA:171,5
DA:172,0
DA:173,5
DA:174,5
DA:175,1
DA:176,1
DA:177,10
DA:178,10
DA:179,10
DA:180,0
DA:181,0
DA:182,0
DA:183,0
DA:184,0
DA:185,0
DA:186,0
DA:187,0
DA:188,10
DA:189,10
DA:190,10
DA:191,1
DA:192,1
DA:193,8
DA:194,8
DA:195,8
DA:196,8
DA:197,1
DA:198,1
DA:199,8
DA:200,8
DA:201,1
DA:202,1
DA:203,0
DA:204,0
DA:205,0
DA:206,0
DA:207,0
DA:208,1
DA:209,1
DA:210,0
DA:211,0
DA:212,0
DA:213,0
DA:214,1
DA:215,1
DA:216,0
DA:217,0
DA:218,1
DA:219,1
DA:220,0
DA:221,0
DA:222,0
DA:223,0
DA:224,0
DA:225,0
DA:226,0
DA:227,1
DA:228,1
DA:229,0
DA:230,0
DA:231,0
DA:232,0
DA:233,0
DA:234,0
DA:235,1
DA:236,1
DA:237,0
DA:238,0
DA:239,0
DA:240,1
DA:241,1
DA:242,8
DA:243,8
DA:244,8
DA:245,0
DA:246,0
DA:247,0
DA:248,0
DA:249,0
DA:250,0
DA:251,0
DA:252,0
DA:253,0
DA:254,0
DA:255,0
DA:256,0
DA:257,8
DA:258,8
DA:259,1
DA:260,1
DA:261,1
DA:262,1
DA:263,1
DA:264,1
DA:265,1
DA:266,1
DA:267,8
DA:268,7
DA:269,7
DA:270,7
DA:271,7
DA:272,7
DA:273,7
DA:274,7
DA:275,7
DA:276,7
DA:277,8
DA:278,1
DA:279,1
DA:280,8
DA:281,8
DA:282,8
DA:283,8
DA:284,8
DA:285,8
DA:286,8
DA:287,8
DA:288,8
DA:289,8
DA:290,8
DA:291,8
DA:292,8
DA:293,8
DA:294,8
DA:295,8
DA:296,8
DA:297,0
DA:298,0
DA:299,0
DA:300,0
DA:301,0
DA:302,0
DA:303,0
DA:304,8
DA:305,8
DA:306,8
DA:307,8
DA:308,8
DA:309,8
DA:310,8
DA:311,8
DA:312,8
DA:313,8
DA:314,8
DA:315,1
DA:316,1
DA:317,1
LF:317
LH:250
BRDA:1,0,0,1
BRDA:15,1,0,1
BRDA:31,2,0,5
BRDA:48,3,0,5
BRDA:55,4,0,5
BRDA:78,5,0,1
BRDA:159,6,0,5
BRDA:165,7,0,5
BRDA:176,8,0,10
BRDA:179,9,0,0
BRDA:192,10,0,8
BRDA:198,11,0,8
BRDA:241,12,0,8
BRDA:244,13,0,0
BRDA:244,14,0,0
BRDA:258,15,0,1
BRDA:267,16,0,7
BRDA:279,17,0,8
BRDA:296,18,0,0
BRF:19
BRH:15
end_of_record
TN:
SF:src/pages/not-found-page.js
FN:4,get styles
FN:17,render
FNF:2
FNH:2
FNDA:1,get styles
FNDA:4,render
DA:1,1
DA:2,1
DA:3,1
DA:4,1
DA:5,1
DA:6,1
DA:7,1
DA:8,1
DA:9,1
DA:10,1
DA:11,1
DA:12,1
DA:13,1
DA:14,1
DA:15,1
DA:16,1
DA:17,1
DA:18,4
DA:19,4
DA:20,4
DA:21,4
DA:22,4
DA:23,1
DA:24,1
DA:25,1
LF:25
LH:25
BRDA:1,0,0,1
BRDA:4,1,0,1
BRDA:17,2,0,4
BRF:3
BRH:3
end_of_record
TN:
SF:src/services/employee-service.js
FN:4,EmployeeService
FN:8,getAllEmployees
FN:12,getEmployeeById
FN:16,addEmployee
FN:30,updateEmployee
FN:37,deleteEmployee
FNF:6
FNH:6
FNDA:1,EmployeeService
FNDA:1,getAllEmployees
FNDA:2,getEmployeeById
FNDA:3,addEmployee
FNDA:1,updateEmployee
FNDA:1,deleteEmployee
DA:1,1
DA:2,1
DA:3,1
DA:4,1
DA:5,1
DA:6,1
DA:7,1
DA:8,1
DA:9,1
DA:10,1
DA:11,1
DA:12,1
DA:13,2
DA:14,2
DA:15,1
DA:16,1
DA:17,3
DA:18,3
DA:19,3
DA:20,3
DA:21,3
DA:22,3
DA:23,3
DA:24,3
DA:25,3
DA:26,3
DA:27,3
DA:28,3
DA:29,1
DA:30,1
DA:31,1
DA:32,1
DA:33,1
DA:34,1
DA:35,1
DA:36,1
DA:37,1
DA:38,1
DA:39,1
DA:40,1
DA:41,1
DA:42,1
DA:43,1
DA:44,1
DA:45,1
LF:45
LH:45
BRDA:1,0,0,1
BRDA:4,1,0,1
BRDA:8,2,0,1
BRDA:12,3,0,2
BRDA:13,4,0,3
BRDA:16,5,0,3
BRDA:30,6,0,1
BRDA:37,7,0,1
BRF:8
BRH:8
end_of_record
TN:
SF:src/services/router-service.js
FN:4,RouterService
FN:9,init
FN:19,_initRouter
FN:29,navigate
FNF:4
FNH:4
FNDA:7,RouterService
FNDA:3,init
FNDA:3,_initRouter
FNDA:1,navigate
DA:1,7
DA:2,7
DA:3,7
DA:4,7
DA:5,7
DA:6,7
DA:7,7
DA:8,7
DA:9,7
DA:10,3
DA:11,3
DA:12,3
DA:13,1
DA:14,3
DA:15,2
DA:16,2
DA:17,3
DA:18,7
DA:19,7
DA:20,3
DA:21,3
DA:22,2
DA:23,2
DA:24,3
DA:25,1
DA:26,1
DA:27,3
DA:28,7
DA:29,7
DA:30,1
DA:31,1
DA:32,1
DA:33,1
DA:34,7
DA:35,7
DA:36,7
LF:36
LH:36
BRDA:1,0,0,7
BRDA:4,1,0,7
BRDA:9,2,0,9
BRDA:12,3,0,7
BRDA:14,4,0,8
BRDA:13,5,0,7
BRDA:19,6,0,9
BRDA:21,7,0,8
BRDA:24,8,0,7
BRDA:29,9,0,7
BRF:10
BRH:10
end_of_record
TN:
SF:src/services/store/actions.js
FN:5,addEmployee
FN:10,updateEmployee
FN:15,deleteEmployee
FNF:3
FNH:3
FNDA:4,addEmployee
FNDA:2,updateEmployee
FNDA:1,deleteEmployee
DA:1,7
DA:2,7
DA:3,7
DA:4,7
DA:5,7
DA:6,4
DA:7,4
DA:8,7
DA:9,7
DA:10,7
DA:11,2
DA:12,2
DA:13,7
DA:14,7
DA:15,7
DA:16,1
DA:17,1
DA:18,7
LF:18
LH:18
BRDA:1,0,0,7
BRDA:5,1,0,9
BRDA:10,2,0,8
BRDA:15,3,0,7
BRF:4
BRH:4
end_of_record
TN:
SF:src/services/store/reducers.js
FN:3,employeeReducer
FNF:1
FNH:1
FNDA:17,employeeReducer
DA:1,6
DA:2,6
DA:3,6
DA:4,17
DA:5,17
DA:6,17
DA:7,17
DA:8,17
DA:9,7
DA:10,7
DA:11,17
DA:12,17
DA:13,4
DA:14,7
DA:15,7
DA:16,7
DA:17,4
DA:18,17
DA:19,17
DA:20,3
DA:21,17
DA:22,17
DA:23,3
DA:24,17
DA:25,6
LF:25
LH:25
BRDA:1,0,0,6
BRDA:3,1,0,21
BRDA:8,2,0,11
BRDA:12,3,0,8
BRDA:19,4,0,7
BRDA:22,5,0,7
BRDA:13,6,0,11
BRDA:15,7,0,7
BRDA:16,8,0,8
BRDA:20,9,0,9
BRF:10
BRH:10
end_of_record
TN:
SF:src/services/store/store.js
FN:6,Store
FN:15,_loadEmployeesFromStorage
FN:26,_saveEmployeesToStorage
FN:35,_updateNextId
FN:41,getState
FN:47,dispatch
FN:75,subscribe
FN:82,notifyListeners
FNF:8
FNH:8
FNDA:5,Store
FNDA:7,_loadEmployeesFromStorage
FNDA:9,_saveEmployeesToStorage
FNDA:15,_updateNextId
FNDA:10,getState
FNDA:11,dispatch
FNDA:3,subscribe
FNDA:9,notifyListeners
DA:1,5
DA:2,5
DA:3,5
DA:4,5
DA:5,5
DA:6,5
DA:7,5
DA:8,5
DA:9,5
DA:10,5
DA:11,5
DA:12,5
DA:13,5
DA:14,5
DA:15,5
DA:16,7
DA:17,7
DA:18,7
DA:19,7
DA:20,7
DA:21,1
DA:22,1
DA:23,1
DA:24,7
DA:25,5
DA:26,5
DA:27,9
DA:28,9
DA:29,9
DA:30,9
DA:31,0
DA:32,0
DA:33,9
DA:34,5
DA:35,5
DA:36,15
DA:37,15
DA:38,15
DA:39,15
DA:40,5
DA:41,5
DA:42,10
DA:43,10
DA:44,10
DA:45,10
DA:46,5
DA:47,5
DA:48,11
DA:49,2
DA:50,2
DA:51,2
DA:52,9
DA:53,11
DA:54,6
DA:55,1
DA:56,1
DA:57,1
DA:58,1
DA:59,1
DA:60,6
DA:61,9
DA:62,9
DA:63,9
DA:64,9
DA:65,9
DA:66,9
DA:67,9
DA:68,9
DA:69,9
DA:70,9
DA:71,9
DA:72,9
DA:73,11
DA:74,5
DA:75,5
DA:76,3
DA:77,3
DA:78,1
DA:79,3
DA:80,3
DA:81,5
DA:82,5
DA:83,9
DA:84,2
DA:85,2
DA:86,2
DA:87,1
DA:88,1
DA:89,9
DA:90,9
DA:91,5
DA:92,5
DA:93,5
LF:93
LH:91
BRDA:1,0,0,5
BRDA:6,1,0,5
BRDA:8,2,0,0
BRDA:15,3,0,7
BRDA:18,4,0,1
BRDA:20,5,0,1
BRDA:35,6,0,15
BRDA:37,7,0,8
BRDA:18,8,0,5
BRDA:26,9,0,13
BRDA:30,10,0,4
BRDA:38,11,0,7
BRDA:37,12,0,8
BRDA:41,13,0,14
BRDA:47,14,0,15
BRDA:48,15,0,14
BRDA:48,16,0,6
BRDA:52,17,0,13
BRDA:53,18,0,10
BRDA:54,19,0,5
BRDA:61,20,0,13
BRDA:75,21,0,7
BRDA:77,22,0,5
BRDA:82,23,0,13
BRDA:83,24,0,6
BRDA:86,25,0,5
BRF:26
BRH:25
end_of_record
TN:
SF:src/utils/validation.js
FN:13,isValidEmail
FN:19,isValidPhone
FN:24,validateRequired
FN:34,getEmailValidationKey
FN:38,getPhoneValidationKey
FNF:5
FNH:5
FNDA:16,isValidEmail
FNDA:16,isValidPhone
FNDA:11,validateRequired
FNDA:2,getEmailValidationKey
FNDA:2,getPhoneValidationKey
DA:1,4
DA:2,4
DA:3,4
DA:4,4
DA:5,4
DA:6,4
DA:7,4
DA:8,4
DA:9,4
DA:10,4
DA:11,4
DA:12,4
DA:13,4
DA:14,16
DA:15,12
DA:16,16
DA:17,4
DA:18,4
DA:19,4
DA:20,16
DA:21,12
DA:22,16
DA:23,4
DA:24,4
DA:25,11
DA:26,11
DA:27,52
DA:28,16
DA:29,16
DA:30,11
DA:31,11
DA:32,11
DA:33,4
DA:34,4
DA:35,2
DA:36,2
DA:37,4
DA:38,4
DA:39,2
DA:40,2
LF:40
LH:40
BRDA:1,0,0,4
BRDA:13,1,0,18
BRDA:14,2,0,6
BRDA:14,3,0,14
BRDA:19,4,0,18
BRDA:20,5,0,6
BRDA:21,6,0,14
BRDA:24,7,0,13
BRDA:26,8,0,54
BRDA:27,9,0,18
BRDA:34,10,0,4
BRDA:38,11,0,4
BRF:12
BRH:12
end_of_record
